[0m20:20:20.394015 [debug] [MainThread]: Sending event: {'category': 'dbt', 'action': 'invocation', 'label': 'start', 'context': [<snowplow_tracker.self_describing_json.SelfDescribingJson object at 0x1076cc860>, <snowplow_tracker.self_describing_json.SelfDescribingJson object at 0x1094b0bf0>, <snowplow_tracker.self_describing_json.SelfDescribingJson object at 0x1094b0950>]}


============================== 20:20:20.424125 | ab28b7e8-176d-4fc6-89d4-8722e26b6fde ==============================
[0m20:20:20.424125 [info ] [MainThread]: Running with dbt=1.10.17
[0m20:20:20.424613 [debug] [MainThread]: running dbt with arguments {'indirect_selection': 'eager', 'fail_fast': 'False', 'cache_selected_only': 'False', 'use_experimental_parser': 'False', 'empty': 'None', 'write_json': 'True', 'use_colors': 'True', 'target_path': 'None', 'no_print': 'None', 'static_parser': 'True', 'printer_width': '80', 'invocation_command': 'dbt init olist_dbt', 'warn_error': 'None', 'send_anonymous_usage_stats': 'True', 'version_check': 'True', 'debug': 'False', 'log_path': 'logs', 'warn_error_options': 'WarnErrorOptionsV2(error=[], warn=[], silence=[])', 'partial_parse': 'True', 'introspect': 'True', 'log_format': 'default', 'quiet': 'False', 'log_cache_events': 'False', 'profiles_dir': '/Users/gusti/.dbt'}
[0m20:20:20.472644 [debug] [MainThread]: Starter project path: /Users/gusti/olist_analytics/.venv/lib/python3.12/site-packages/dbt/include/starter_project
[0m20:20:20.478144 [info ] [MainThread]: 
Your new dbt project "olist_dbt" was created!

For more information on how to configure the profiles.yml file,
please consult the dbt documentation here:

  https://docs.getdbt.com/docs/configure-your-profile

One more thing:

Need help? Don't hesitate to reach out to us via GitHub issues or on Slack:

  https://community.getdbt.com/

Happy modeling!

[0m20:20:20.478427 [info ] [MainThread]: Setting up your profile.
[0m20:20:25.115941 [debug] [MainThread]: Resource report: {"command_name": "init", "command_success": true, "command_wall_clock_time": 4.77773, "process_in_blocks": "0", "process_kernel_time": 0.519048, "process_mem_max_rss": "151601152", "process_out_blocks": "0", "process_user_time": 2.478396}
[0m20:20:25.116483 [debug] [MainThread]: Command `dbt init` succeeded at 20:20:25.116386 after 4.78 seconds
[0m20:20:25.116772 [debug] [MainThread]: Sending event: {'category': 'dbt', 'action': 'invocation', 'label': 'end', 'context': [<snowplow_tracker.self_describing_json.SelfDescribingJson object at 0x1094b0620>, <snowplow_tracker.self_describing_json.SelfDescribingJson object at 0x1094b0ce0>, <snowplow_tracker.self_describing_json.SelfDescribingJson object at 0x1094b0bf0>]}
[0m20:20:25.117071 [debug] [MainThread]: Flushing usage events
[0m20:20:26.270871 [debug] [MainThread]: An error was encountered while trying to flush usage events
[0m21:08:20.922827 [debug] [MainThread]: Sending event: {'category': 'dbt', 'action': 'invocation', 'label': 'start', 'context': [<snowplow_tracker.self_describing_json.SelfDescribingJson object at 0x10ac93620>, <snowplow_tracker.self_describing_json.SelfDescribingJson object at 0x10d0f1550>, <snowplow_tracker.self_describing_json.SelfDescribingJson object at 0x10d0f12b0>]}


============================== 21:08:20.926924 | 9a6d8204-e6c6-40c4-ac11-34b5fa89d59a ==============================
[0m21:08:20.926924 [info ] [MainThread]: Running with dbt=1.10.17
[0m21:08:20.927401 [debug] [MainThread]: running dbt with arguments {'invocation_command': 'dbt show --select dim_customers_rfm --limit 5 --profiles-dir .', 'partial_parse': 'True', 'log_cache_events': 'False', 'quiet': 'False', 'fail_fast': 'False', 'version_check': 'True', 'printer_width': '80', 'send_anonymous_usage_stats': 'True', 'target_path': 'None', 'introspect': 'True', 'debug': 'False', 'empty': 'None', 'warn_error': 'None', 'log_format': 'default', 'static_parser': 'True', 'write_json': 'True', 'log_path': 'logs', 'indirect_selection': 'eager', 'use_experimental_parser': 'False', 'no_print': 'None', 'use_colors': 'True', 'warn_error_options': 'WarnErrorOptionsV2(error=[], warn=[], silence=[])', 'cache_selected_only': 'False', 'profiles_dir': '.'}
[0m21:08:20.927855 [error] [MainThread]: Encountered an error:
Runtime Error
  No dbt_project.yml found at expected path /Users/gusti/olist_analytics/dbt_project.yml
  Verify that each entry within packages.yml (and their transitive dependencies) contains a file named dbt_project.yml
  
[0m21:08:20.928288 [debug] [MainThread]: Resource report: {"command_name": "show", "command_success": false, "command_wall_clock_time": 0.058082376, "process_in_blocks": "0", "process_kernel_time": 0.15223, "process_mem_max_rss": "106659840", "process_out_blocks": "0", "process_user_time": 0.962554}
[0m21:08:20.928631 [debug] [MainThread]: Command `dbt show` failed at 21:08:20.928566 after 0.06 seconds
[0m21:08:20.928870 [debug] [MainThread]: Sending event: {'category': 'dbt', 'action': 'invocation', 'label': 'end', 'context': [<snowplow_tracker.self_describing_json.SelfDescribingJson object at 0x1041831d0>, <snowplow_tracker.self_describing_json.SelfDescribingJson object at 0x10d0f1610>, <snowplow_tracker.self_describing_json.SelfDescribingJson object at 0x10d0f3440>]}
[0m21:08:20.929099 [debug] [MainThread]: Flushing usage events
[0m21:08:22.610975 [debug] [MainThread]: An error was encountered while trying to flush usage events
